<?xml version="1.0" encoding="UTF-8"?>
<!-- Generated by org.testng.reporters.JUnitXMLReporter -->
<testsuite ignored="0" hostname="LAPTOP-0ADUSHPK" failures="0" tests="5" name="Default test" time="15.164" errors="0" timestamp="2020-09-12T05:32:59 EDT">
  <testcase classname="Testing.NCPL.Tags" name="@BeforeTest webdriverInitalization" time="14.864">
    <failure type="org.openqa.selenium.SessionNotCreatedException" message="session not created
from chrome not reachable
  (Session info: chrome=85.0.4183.102)
Build info: version: &amp;apos;4.0.0-alpha-6&amp;apos;, revision: &amp;apos;5f43a29cfc&amp;apos;
System info: host: &amp;apos;LAPTOP-0ADUSHPK&amp;apos;, ip: &amp;apos;192.168.0.30&amp;apos;, os.name: &amp;apos;Windows 10&amp;apos;, os.arch: &amp;apos;amd64&amp;apos;, os.version: &amp;apos;10.0&amp;apos;, java.version: &amp;apos;14.0.2&amp;apos;
Driver info: driver.version: ChromeDriver
remote stacktrace: Backtrace:
	Ordinal0 [0x006587E3+2852835]
	Ordinal0 [0x00545BB1+1727409]
	Ordinal0 [0x0041E362+516962]
	Ordinal0 [0x00417D82+490882]
	Ordinal0 [0x0041846B+492651]
	Ordinal0 [0x004193C5+496581]
	Ordinal0 [0x00414D64+478564]
	Ordinal0 [0x0041F300+520960]
	Ordinal0 [0x003CE489+189577]
	Ordinal0 [0x003CD7FD+186365]
	Ordinal0 [0x003CB70B+177931]
	Ordinal0 [0x003B2584+75140]
	Ordinal0 [0x003B3650+79440]
	Ordinal0 [0x003B35E9+79337]
	Ordinal0 [0x0055AD5C+1813852]
	GetHandleVerifier [0x0077C616+1075574]
	GetHandleVerifier [0x0077C367+1074887]
	GetHandleVerifier [0x00787497+1120247]
	GetHandleVerifier [0x0077CC16+1077110]
	Ordinal0 [0x00553206+1782278]
	Ordinal0 [0x0055C3BB+1819579]
	Ordinal0 [0x0055C523+1819939]
	Ordinal0 [0x00572B45+1911621]
	BaseThreadInitThunk [0x76766359+25]
	RtlGetAppContainerNamedObjectPath [0x76FF7C24+228]
	RtlGetAppContainerNamedObjectPath [0x76FF7BF4+180]
">
      <![CDATA[org.openqa.selenium.SessionNotCreatedException: session not created
from chrome not reachable
  (Session info: chrome=85.0.4183.102)
Build info: version: '4.0.0-alpha-6', revision: '5f43a29cfc'
System info: host: 'LAPTOP-0ADUSHPK', ip: '192.168.0.30', os.name: 'Windows 10', os.arch: 'amd64', os.version: '10.0', java.version: '14.0.2'
Driver info: driver.version: ChromeDriver
remote stacktrace: Backtrace:
Ordinal0 [0x006587E3+2852835]
Ordinal0 [0x00545BB1+1727409]
Ordinal0 [0x0041E362+516962]
Ordinal0 [0x00417D82+490882]
Ordinal0 [0x0041846B+492651]
Ordinal0 [0x004193C5+496581]
Ordinal0 [0x00414D64+478564]
Ordinal0 [0x0041F300+520960]
Ordinal0 [0x003CE489+189577]
Ordinal0 [0x003CD7FD+186365]
Ordinal0 [0x003CB70B+177931]
Ordinal0 [0x003B2584+75140]
Ordinal0 [0x003B3650+79440]
Ordinal0 [0x003B35E9+79337]
Ordinal0 [0x0055AD5C+1813852]
GetHandleVerifier [0x0077C616+1075574]
GetHandleVerifier [0x0077C367+1074887]
GetHandleVerifier [0x00787497+1120247]
GetHandleVerifier [0x0077CC16+1077110]
Ordinal0 [0x00553206+1782278]
Ordinal0 [0x0055C3BB+1819579]
Ordinal0 [0x0055C523+1819939]
Ordinal0 [0x00572B45+1911621]
BaseThreadInitThunk [0x76766359+25]
RtlGetAppContainerNamedObjectPath [0x76FF7C24+228]
RtlGetAppContainerNamedObjectPath [0x76FF7BF4+180]

at java.base/jdk.internal.reflect.NativeConstructorAccessorImpl.newInstance0(Native Method)
at java.base/jdk.internal.reflect.NativeConstructorAccessorImpl.newInstance(NativeConstructorAccessorImpl.java:62)
at java.base/jdk.internal.reflect.DelegatingConstructorAccessorImpl.newInstance(DelegatingConstructorAccessorImpl.java:45)
at java.base/java.lang.reflect.Constructor.newInstanceWithCaller(Constructor.java:500)
at java.base/java.lang.reflect.Constructor.newInstance(Constructor.java:481)
at org.openqa.selenium.remote.W3CHandshakeResponse.lambda$errorHandler$0(W3CHandshakeResponse.java:62)
at org.openqa.selenium.remote.HandshakeResponse.lambda$getResponseFunction$0(HandshakeResponse.java:30)
at org.openqa.selenium.remote.ProtocolHandshake.lambda$createSession$1(ProtocolHandshake.java:126)
at java.base/java.util.stream.ReferencePipeline$3$1.accept(ReferencePipeline.java:195)
at java.base/java.util.Spliterators$ArraySpliterator.tryAdvance(Spliterators.java:958)
at java.base/java.util.stream.ReferencePipeline.forEachWithCancel(ReferencePipeline.java:127)
at java.base/java.util.stream.AbstractPipeline.copyIntoWithCancel(AbstractPipeline.java:502)
at java.base/java.util.stream.AbstractPipeline.copyInto(AbstractPipeline.java:488)
at java.base/java.util.stream.AbstractPipeline.wrapAndCopyInto(AbstractPipeline.java:474)
at java.base/java.util.stream.FindOps$FindOp.evaluateSequential(FindOps.java:150)
at java.base/java.util.stream.AbstractPipeline.evaluate(AbstractPipeline.java:234)
at java.base/java.util.stream.ReferencePipeline.findFirst(ReferencePipeline.java:543)
at org.openqa.selenium.remote.ProtocolHandshake.createSession(ProtocolHandshake.java:128)
at org.openqa.selenium.remote.ProtocolHandshake.createSession(ProtocolHandshake.java:75)
at org.openqa.selenium.remote.HttpCommandExecutor.execute(HttpCommandExecutor.java:138)
at org.openqa.selenium.remote.service.DriverCommandExecutor.execute(DriverCommandExecutor.java:83)
at org.openqa.selenium.remote.RemoteWebDriver.execute(RemoteWebDriver.java:582)
at org.openqa.selenium.remote.RemoteWebDriver.startSession(RemoteWebDriver.java:216)
at org.openqa.selenium.remote.RemoteWebDriver.<init>(RemoteWebDriver.java:136)
at org.openqa.selenium.chromium.ChromiumDriver.<init>(ChromiumDriver.java:75)
at org.openqa.selenium.chrome.ChromeDriver.<init>(ChromeDriver.java:163)
at org.openqa.selenium.chrome.ChromeDriver.<init>(ChromeDriver.java:150)
at org.openqa.selenium.chrome.ChromeDriver.<init>(ChromeDriver.java:105)
at Testing.NCPL.Tags.webdriverInitalization(Tags.java:22)
at java.base/jdk.internal.reflect.NativeMethodAccessorImpl.invoke0(Native Method)
at java.base/jdk.internal.reflect.NativeMethodAccessorImpl.invoke(NativeMethodAccessorImpl.java:62)
at java.base/jdk.internal.reflect.DelegatingMethodAccessorImpl.invoke(DelegatingMethodAccessorImpl.java:43)
at java.base/java.lang.reflect.Method.invoke(Method.java:564)
at org.testng.internal.MethodInvocationHelper.invokeMethod(MethodInvocationHelper.java:132)
at org.testng.internal.MethodInvocationHelper.invokeMethodConsideringTimeout(MethodInvocationHelper.java:61)
at org.testng.internal.ConfigInvoker.invokeConfigurationMethod(ConfigInvoker.java:366)
at org.testng.internal.ConfigInvoker.invokeConfigurations(ConfigInvoker.java:320)
at org.testng.TestRunner.invokeTestConfigurations(TestRunner.java:617)
at org.testng.TestRunner.beforeRun(TestRunner.java:607)
at org.testng.TestRunner.run(TestRunner.java:578)
at org.testng.SuiteRunner.runTest(SuiteRunner.java:384)
at org.testng.SuiteRunner.runSequentially(SuiteRunner.java:378)
at org.testng.SuiteRunner.privateRun(SuiteRunner.java:337)
at org.testng.SuiteRunner.run(SuiteRunner.java:286)
at org.testng.SuiteRunnerWorker.runSuite(SuiteRunnerWorker.java:53)
at org.testng.SuiteRunnerWorker.run(SuiteRunnerWorker.java:96)
at org.testng.TestNG.runSuitesSequentially(TestNG.java:1218)
at org.testng.TestNG.runSuitesLocally(TestNG.java:1140)
at org.testng.TestNG.runSuites(TestNG.java:1069)
at org.testng.TestNG.run(TestNG.java:1037)
at org.testng.remote.AbstractRemoteTestNG.run(AbstractRemoteTestNG.java:115)
at org.testng.remote.RemoteTestNG.initAndRun(RemoteTestNG.java:251)
at org.testng.remote.RemoteTestNG.main(RemoteTestNG.java:77)
]]>
    </failure>
  </testcase> <!-- @BeforeTest webdriverInitalization -->
  <testcase classname="Testing.NCPL.Tags" name="@AfterTest closeTheDriver" time="-1.599903179368E9">
    <skipped/>
  </testcase> <!-- @AfterTest closeTheDriver -->
  <testcase classname="Testing.NCPL.Tags" name="checkTagsBuyNsellNtoleaseNforLease" time="0.0">
    <skipped/>
  </testcase> <!-- checkTagsBuyNsellNtoleaseNforLease -->
  <testcase classname="Testing.NCPL.Tags" name="whyChooseUs" time="0.0">
    <skipped/>
  </testcase> <!-- whyChooseUs -->
  <testcase classname="Testing.NCPL.Tags" name="services" time="0.0">
    <skipped/>
  </testcase> <!-- services -->
  <testcase classname="Testing.NCPL.Tags" name="testimonials" time="0.0">
    <skipped/>
  </testcase> <!-- testimonials -->
  <testcase classname="Testing.NCPL.Tags" name="contactUs" time="0.0">
    <skipped/>
  </testcase> <!-- contactUs -->
</testsuite> <!-- Default test -->
